Arguments: 
  /Users/davidcheng/.nvm/versions/node/v9.4.0/bin/node /Users/davidcheng/.nvm/versions/node/v9.4.0/bin/yarn start

PATH: 
  /Users/davidcheng/.nvm/versions/node/v9.4.0/bin:/usr/local/bin:/usr/bin:/bin:/usr/sbin:/sbin

Yarn version: 
  1.5.1

Node version: 
  9.4.0

Platform: 
  darwin x64

npm manifest: 
  {
    "name": "project-example",
    "version": "1.0.0",
    "main": "server/index.js",
    "license": "MIT",
    "scripts": {
      "preinstall": "npm install --prefix server && npm install --prefix client && cd client && npm run build && cd ..",
      "start": "node server/index.js"
    },
    "cacheDirectories": [
      "server/node_modules",
      "client/node_modules"
    ]
  }

yarn manifest: 
  No manifest

Lockfile: 
  No lockfile

Trace: 
  Error: Command failed.
  Exit code: 1
  Command: sh
  Arguments: -c node server/index.js
  Directory: /Users/davidcheng/Code folder/bootcamp/project3
  Output:
  
      at ProcessTermError.MessageError (/Users/davidcheng/.nvm/versions/node/v9.4.0/lib/node_modules/yarn/lib/cli.js:186:110)
      at new ProcessTermError (/Users/davidcheng/.nvm/versions/node/v9.4.0/lib/node_modules/yarn/lib/cli.js:226:113)
      at ChildProcess.<anonymous> (/Users/davidcheng/.nvm/versions/node/v9.4.0/lib/node_modules/yarn/lib/cli.js:30281:17)
      at ChildProcess.emit (events.js:160:13)
      at maybeClose (internal/child_process.js:943:16)
      at Process.ChildProcess._handle.onexit (internal/child_process.js:220:5)
